2025-11-30 17:11:19,211 | INFO | httpx | HTTP Request: GET https://www.city.sumida.lg.jp/robots.txt "HTTP/1.1 404 Not Found"
2025-11-30 17:11:19,211 | WARNING | scripts.ingest.fetch_http | robots.txt returned 404; proceeding as 'no robots' for https://www.city.sumida.lg.jp/robots.txt
2025-11-30 17:11:19,306 | INFO | httpx | HTTP Request: GET https://www.city.sumida.lg.jp/sisetu_info/setsubi_kinou/okunaisports.html "HTTP/1.1 200 OK"
2025-11-30 17:11:19,450 | INFO | httpx | HTTP Request: GET https://www.city.sumida.lg.jp/sisetu_info/sports/umewaka.html "HTTP/1.1 200 OK"
2025-11-30 17:11:19,559 | INFO | httpx | HTTP Request: GET https://www.city.sumida.lg.jp/sisetu_info/sports/sumidasportcenter.html "HTTP/1.1 200 OK"
2025-11-30 17:11:19,632 | INFO | httpx | HTTP Request: GET https://www.city.sumida.lg.jp/sisetu_info/sports/sougou-undoujou.html "HTTP/1.1 200 OK"
2025-11-30 17:11:19,701 | INFO | httpx | HTTP Request: GET https://www.city.sumida.lg.jp/sisetu_info/tamokuteki/midori_communityc.html "HTTP/1.1 200 OK"
2025-11-30 17:11:19,783 | INFO | httpx | HTTP Request: GET https://www.sumispo.com/facility/training/ "HTTP/1.1 200 OK"
2025-11-30 17:11:19,803 | INFO | httpx | HTTP Request: GET https://www.city.sumida.lg.jp/sisetu_info/setsubi_kinou/okunaisports.html#contents "HTTP/1.1 200 OK"
2025-11-30 17:11:19,943 | INFO | httpx | HTTP Request: GET https://www.city.sumida.lg.jp/index.html "HTTP/1.1 200 OK"
2025-11-30 17:11:20,083 | INFO | httpx | HTTP Request: GET https://www.city.sumida.lg.jp/anzen_anshin/index.html "HTTP/1.1 200 OK"
2025-11-30 17:11:20,163 | INFO | httpx | HTTP Request: GET https://www.city.sumida.lg.jp/kenko_fukushi/kenko/iryou_kyuukyuu/kyuuzitu.html "HTTP/1.1 200 OK"
2025-11-30 17:11:20,277 | INFO | httpx | HTTP Request: GET https://www.city.sumida.lg.jp/kurashi/index.html "HTTP/1.1 200 OK"
2025-11-30 17:11:20,372 | INFO | httpx | HTTP Request: GET https://www.city.sumida.lg.jp/kurashi/todokede_syoumei/index.html "HTTP/1.1 200 OK"
2025-11-30 17:11:20,442 | INFO | httpx | HTTP Request: GET https://www.city.sumida.lg.jp/kurashi/mynumber/index.html "HTTP/1.1 200 OK"
2025-11-30 17:11:20,535 | INFO | httpx | HTTP Request: GET https://www.city.sumida.lg.jp/kurashi/okuyami/okuyami.html "HTTP/1.1 200 OK"
2025-11-30 17:11:20,643 | INFO | httpx | HTTP Request: GET https://www.city.sumida.lg.jp/kurashi/zeikin/index.html "HTTP/1.1 200 OK"
2025-11-30 17:11:20,751 | INFO | httpx | HTTP Request: GET https://www.city.sumida.lg.jp/kurashi/kokuminnenkin/index.html "HTTP/1.1 200 OK"
2025-11-30 17:11:20,820 | INFO | httpx | HTTP Request: GET https://www.city.sumida.lg.jp/kurashi/kenkouhoken/index.html "HTTP/1.1 200 OK"
2025-11-30 17:11:20,893 | INFO | httpx | HTTP Request: GET https://www.city.sumida.lg.jp/kurashi/gomi_recycle/index.html "HTTP/1.1 200 OK"
2025-11-30 17:11:20,962 | INFO | httpx | HTTP Request: GET https://www.city.sumida.lg.jp/kurashi/kankyou_hozen/index.html "HTTP/1.1 200 OK"
2025-11-30 17:11:21,031 | INFO | httpx | HTTP Request: GET https://www.city.sumida.lg.jp/kurashi/jyunkanbus/index.html "HTTP/1.1 200 OK"
2025-11-30 17:11:21,388 | INFO | httpx | HTTP Request: GET https://www.city.sumida.lg.jp/kurashi/jitensha/index.html "HTTP/1.1 200 OK"
2025-11-30 17:11:21,493 | INFO | httpx | HTTP Request: GET https://www.city.sumida.lg.jp/kurashi/zyuutaku/index.html "HTTP/1.1 200 OK"
2025-11-30 17:11:21,584 | INFO | httpx | HTTP Request: GET https://www.city.sumida.lg.jp/kurashi/funenka_taishinka/index.html "HTTP/1.1 200 OK"
2025-11-30 17:11:21,725 | INFO | httpx | HTTP Request: GET https://www.city.sumida.lg.jp/kurashi/syouhisya/index.html "HTTP/1.1 200 OK"
2025-11-30 17:11:21,845 | INFO | httpx | HTTP Request: GET https://www.city.sumida.lg.jp/kurashi/volunteer/index.html "HTTP/1.1 200 OK"
2025-11-30 17:11:21,933 | INFO | httpx | HTTP Request: GET https://www.city.sumida.lg.jp/kurashi/tabunka/index.html "HTTP/1.1 200 OK"
2025-11-30 17:11:22,018 | INFO | httpx | HTTP Request: GET https://www.city.sumida.lg.jp/kurashi/sports/index.html "HTTP/1.1 200 OK"
2025-11-30 17:11:22,089 | INFO | httpx | HTTP Request: GET https://www.city.sumida.lg.jp/kurashi/syougai_gakusyuu/index.html "HTTP/1.1 200 OK"
2025-11-30 17:11:22,255 | INFO | httpx | HTTP Request: GET https://www.city.sumida.lg.jp/kurashi/soudan/index.html "HTTP/1.1 200 OK"
2025-11-30 17:11:22,344 | INFO | httpx | HTTP Request: GET https://www.city.sumida.lg.jp/online_service/index.html "HTTP/1.1 200 OK"
2025-11-30 17:11:22,416 | INFO | httpx | HTTP Request: GET https://www.city.sumida.lg.jp/kosodate_kyouiku/index.html "HTTP/1.1 200 OK"
2025-11-30 17:11:22,484 | INFO | httpx | HTTP Request: GET https://www.city.sumida.lg.jp/kosodate_kyouiku/kosodate_site/index.html "HTTP/1.1 200 OK"
2025-11-30 17:11:22,632 | INFO | httpx | HTTP Request: GET https://www.city.sumida.lg.jp/kosodate_kyouiku/kyouiku/index.html "HTTP/1.1 200 OK"
2025-11-30 17:11:22,701 | INFO | httpx | HTTP Request: GET https://www.city.sumida.lg.jp/kosodate_kyouiku/tiiki_kyouiku_shien/index.html "HTTP/1.1 200 OK"
2025-11-30 17:11:22,807 | INFO | httpx | HTTP Request: GET https://www.city.sumida.lg.jp/kenko_fukushi/index.html "HTTP/1.1 200 OK"
2025-11-30 17:11:22,874 | INFO | httpx | HTTP Request: GET https://www.city.sumida.lg.jp/kenko_fukushi/kenko/index.html "HTTP/1.1 200 OK"
2025-11-30 17:11:22,965 | INFO | httpx | HTTP Request: GET https://www.city.sumida.lg.jp/kenko_fukushi/eisei/index.html "HTTP/1.1 200 OK"
2025-11-30 17:11:23,169 | INFO | httpx | HTTP Request: GET https://www.city.sumida.lg.jp/kenko_fukushi/koureisya_kaigohoken/index.html "HTTP/1.1 200 OK"
2025-11-30 17:11:23,263 | INFO | httpx | HTTP Request: GET https://www.city.sumida.lg.jp/kenko_fukushi/syougai/index.html "HTTP/1.1 200 OK"
2025-11-30 17:11:23,363 | INFO | httpx | HTTP Request: GET https://www.city.sumida.lg.jp/kenko_fukushi/seikatuhukusi/index.html "HTTP/1.1 200 OK"
2025-11-30 17:11:23,470 | INFO | httpx | HTTP Request: GET https://www.city.sumida.lg.jp/kenko_fukushi/tiikihukusi_sonota/index.html "HTTP/1.1 200 OK"
2025-11-30 17:11:23,541 | INFO | httpx | HTTP Request: GET https://www.city.sumida.lg.jp/bunka_kanko/index.html "HTTP/1.1 200 OK"
2025-11-30 17:11:23,610 | INFO | httpx | HTTP Request: GET https://www.city.sumida.lg.jp/bunka_kanko/bunka/index.html "HTTP/1.1 200 OK"
2025-11-30 17:11:23,682 | INFO | httpx | HTTP Request: GET https://www.city.sumida.lg.jp/bunka_kanko/annnai/index.html "HTTP/1.1 200 OK"
2025-11-30 17:11:23,771 | INFO | httpx | HTTP Request: GET https://www.city.sumida.lg.jp/bunka_kanko/katusika_hokusai/index.html "HTTP/1.1 200 OK"
2025-11-30 17:11:23,914 | INFO | httpx | HTTP Request: GET https://www.city.sumida.lg.jp/sangyo_jigyosya/index.html "HTTP/1.1 200 OK"
2025-11-30 17:11:23,984 | INFO | httpx | HTTP Request: GET https://www.city.sumida.lg.jp/sangyo_jigyosya/sangyo/index.html "HTTP/1.1 200 OK"
2025-11-30 17:11:24,057 | INFO | httpx | HTTP Request: GET https://www.city.sumida.lg.jp/sangyo_jigyosya/keiyaku_nyuusatu/index.html "HTTP/1.1 200 OK"
2025-11-30 17:11:24,135 | INFO | httpx | HTTP Request: GET https://www.city.sumida.lg.jp/matizukuri/index.html "HTTP/1.1 200 OK"
2025-11-30 17:11:24,279 | INFO | httpx | HTTP Request: GET https://www.city.sumida.lg.jp/matizukuri/tosi_keikaku/index.html "HTTP/1.1 200 OK"
2025-11-30 17:11:24,356 | INFO | httpx | HTTP Request: GET https://www.city.sumida.lg.jp/matizukuri/matizukuri_suisin/index.html "HTTP/1.1 200 OK"
2025-11-30 17:11:24,462 | INFO | httpx | HTTP Request: GET https://www.city.sumida.lg.jp/matizukuri/kentiku/index.html "HTTP/1.1 200 OK"
2025-11-30 17:11:24,573 | INFO | httpx | HTTP Request: GET https://www.city.sumida.lg.jp/matizukuri/koutu/index.html "HTTP/1.1 200 OK"
2025-11-30 17:11:24,661 | INFO | httpx | HTTP Request: GET https://www.city.sumida.lg.jp/matizukuri/douro/index.html "HTTP/1.1 200 OK"
2025-11-30 17:11:24,749 | INFO | httpx | HTTP Request: GET https://www.city.sumida.lg.jp/sisetu_info/kouen/index.html "HTTP/1.1 200 OK"
2025-11-30 17:11:24,888 | INFO | httpx | HTTP Request: GET https://www.city.sumida.lg.jp/matizukuri/kasen_kyouryou/index.html "HTTP/1.1 200 OK"
2025-11-30 17:11:24,987 | INFO | httpx | HTTP Request: GET https://www.city.sumida.lg.jp/matizukuri/master_plan/index.html "HTTP/1.1 200 OK"
2025-11-30 17:11:25,056 | INFO | httpx | HTTP Request: GET https://www.city.sumida.lg.jp/kuseijoho/index.html "HTTP/1.1 200 OK"
2025-11-30 17:11:25,146 | INFO | httpx | HTTP Request: GET https://www.city.sumida.lg.jp/kuseijoho/kutyounoheya/index.html "HTTP/1.1 200 OK"
2025-11-30 17:11:25,214 | INFO | httpx | HTTP Request: GET https://www.city.sumida.lg.jp/kugikai/index.html "HTTP/1.1 200 OK"
2025-11-30 17:11:25,283 | INFO | httpx | HTTP Request: GET https://www.city.sumida.lg.jp/kuseijoho/kunosyoukai/index.html "HTTP/1.1 200 OK"
2025-11-30 17:11:25,368 | INFO | httpx | HTTP Request: GET https://www.city.sumida.lg.jp/sisetu_info/index.html "HTTP/1.1 200 OK"
2025-11-30 17:11:25,458 | INFO | httpx | HTTP Request: GET https://www.city.sumida.lg.jp/kuseijoho/sumida_kihon/index.html "HTTP/1.1 200 OK"
2025-11-30 17:11:25,530 | INFO | httpx | HTTP Request: GET https://www.city.sumida.lg.jp/kuseijoho/gyoseikaikaku_zaisei/index.html "HTTP/1.1 200 OK"
2025-11-30 17:11:25,605 | INFO | httpx | HTTP Request: GET https://www.city.sumida.lg.jp/kuseijoho/kouhoukatudou/index.html "HTTP/1.1 200 OK"
2025-11-30 17:11:25,748 | INFO | httpx | HTTP Request: GET https://www.city.sumida.lg.jp/kuseijoho/sumida_info/index.html "HTTP/1.1 200 OK"
2025-11-30 17:11:25,817 | INFO | httpx | HTTP Request: GET https://www.city.sumida.lg.jp/kuseijoho/joho_kojin_kaigi/index.html "HTTP/1.1 200 OK"
2025-11-30 17:11:25,926 | INFO | httpx | HTTP Request: GET https://www.city.sumida.lg.jp/kuseijoho/shinsaseikyuu/index.html "HTTP/1.1 200 OK"
2025-11-30 17:11:26,012 | INFO | httpx | HTTP Request: GET https://www.city.sumida.lg.jp/kuseijoho/naibukoueki/index.html "HTTP/1.1 200 OK"
2025-11-30 17:11:26,167 | INFO | httpx | HTTP Request: GET https://www.city.sumida.lg.jp/kuseijoho/jourei/index.html "HTTP/1.1 200 OK"
2025-11-30 17:11:26,251 | INFO | httpx | HTTP Request: GET https://www.city.sumida.lg.jp/kuseijoho/jinji_kyuyo/index.html "HTTP/1.1 200 OK"
2025-11-30 17:11:26,338 | INFO | httpx | HTTP Request: GET https://www.city.sumida.lg.jp/kuseijoho/jinken_danzyo/index.html "HTTP/1.1 200 OK"
2025-11-30 17:11:26,433 | INFO | httpx | HTTP Request: GET https://www.city.sumida.lg.jp/kuseijoho/kansa/index.html "HTTP/1.1 200 OK"
2025-11-30 17:11:26,504 | INFO | httpx | HTTP Request: GET https://www.city.sumida.lg.jp/kuseijoho/senkyo/index.html "HTTP/1.1 200 OK"
2025-11-30 17:11:26,592 | INFO | httpx | HTTP Request: GET https://www.city.sumida.lg.jp/kuseijoho/sdgs/index.html "HTTP/1.1 200 OK"
2025-11-30 17:11:26,728 | INFO | httpx | HTTP Request: GET https://www.city.sumida.lg.jp/sisetu_info/kuyakusyo/sumidakuyakusyo.html "HTTP/1.1 200 OK"
2025-11-30 17:11:26,829 | INFO | httpx | HTTP Request: GET https://www.city.sumida.lg.jp/sitemap.html "HTTP/1.1 200 OK"
2025-11-30 17:11:26,988 | INFO | httpx | HTTP Request: GET https://www.city.sumida.lg.jp/sisetu_info/tamokuteki/library/index.html "HTTP/1.1 200 OK"
2025-11-30 17:11:27,111 | INFO | httpx | HTTP Request: GET https://www.city.sumida.lg.jp/kurasi_guide/kaigo.html "HTTP/1.1 200 OK"
2025-11-30 17:11:27,263 | INFO | httpx | HTTP Request: GET https://www.city.sumida.lg.jp/faq/index.html "HTTP/1.1 200 OK"
2025-11-30 17:11:27,407 | INFO | httpx | HTTP Request: GET https://www.city.sumida.lg.jp/sisetu_info/setsubi_kinou/index.html "HTTP/1.1 200 OK"
2025-11-30 17:11:27,582 | INFO | httpx | HTTP Request: GET https://www.city.sumida.lg.jp/sisetu_info/sports/sumidacitygym.html "HTTP/1.1 200 OK"
2025-11-30 17:11:27,728 | INFO | httpx | HTTP Request: GET https://www.city.sumida.lg.jp/sisetu_info/sports/ryougoku/index.html "HTTP/1.1 200 OK"
2025-11-30 17:11:27,760 | INFO | httpx | HTTP Request: GET http://www.sumispo.com/ "HTTP/1.1 301 Moved Permanently"
2025-11-30 17:11:27,812 | INFO | httpx | HTTP Request: GET https://www.sumispo.com/ "HTTP/1.1 200 OK"
2025-11-30 17:11:27,915 | INFO | httpx | HTTP Request: GET https://www.city.sumida.lg.jp/sisetu_info/sports/kyuudou.html "HTTP/1.1 200 OK"
2025-11-30 17:11:28,005 | INFO | httpx | HTTP Request: GET https://www.city.sumida.lg.jp/sisetu_info/tamokuteki/plaza/honjyo_chiikiplaza/index.html "HTTP/1.1 200 OK"
2025-11-30 17:11:28,074 | INFO | httpx | HTTP Request: GET https://www.city.sumida.lg.jp/sisetu_info/tamokuteki/plaza/yahiro_chiikiplaza/index.html "HTTP/1.1 200 OK"
2025-11-30 17:11:28,161 | INFO | httpx | HTTP Request: GET https://www.city.sumida.lg.jp/sisetu_info/hukusisisetu/syakaihukusikaikan/index.html "HTTP/1.1 200 OK"
2025-11-30 17:11:28,289 | INFO | httpx | HTTP Request: GET https://www.city.sumida.lg.jp/sisetu_info/setsubi_kinou/conferenceroom.html "HTTP/1.1 200 OK"
2025-11-30 17:11:28,360 | INFO | httpx | HTTP Request: GET https://www.city.sumida.lg.jp/sisetu_info/setsubi_kinou/hole.html "HTTP/1.1 200 OK"
2025-11-30 17:11:28,476 | INFO | httpx | HTTP Request: GET https://www.city.sumida.lg.jp/sisetu_info/setsubi_kinou/tenji.html "HTTP/1.1 200 OK"
2025-11-30 17:11:28,544 | INFO | httpx | HTTP Request: GET https://www.city.sumida.lg.jp/sisetu_info/setsubi_kinou/washitsu.html "HTTP/1.1 200 OK"
2025-11-30 17:11:28,609 | INFO | httpx | HTTP Request: GET https://www.city.sumida.lg.jp/sisetu_info/setsubi_kinou/cooking.html "HTTP/1.1 200 OK"
2025-11-30 17:11:28,677 | INFO | httpx | HTTP Request: GET https://www.city.sumida.lg.jp/sisetu_info/setsubi_kinou/theater.html "HTTP/1.1 200 OK"
2025-11-30 17:11:28,745 | INFO | httpx | HTTP Request: GET https://www.city.sumida.lg.jp/sisetu_info/setsubi_kinou/studio.html "HTTP/1.1 200 OK"
2025-11-30 17:11:28,820 | INFO | httpx | HTTP Request: GET https://www.city.sumida.lg.jp/sisetu_info/setsubi_kinou/okugaisports.html "HTTP/1.1 200 OK"
2025-11-30 17:11:28,821 | INFO | scripts.ingest.fetch_http | Dry-run listed 20 detail URLs for tokyo/sumida
2025-11-30 17:11:35,090 | ERROR | scripts.ingest.cli | Ingest command failed
Traceback (most recent call last):
  File "/Users/gota/Documents/src/gym-equipment-directory/scripts/ingest/cli.py", line 401, in main
    return _dispatch(args)
           ^^^^^^^^^^^^^^^
  File "/Users/gota/Documents/src/gym-equipment-directory/scripts/ingest/cli.py", line 337, in _dispatch
    return asyncio.run(
           ^^^^^^^^^^^^
  File "/Users/gota/.pyenv/versions/3.11.9/lib/python3.11/asyncio/runners.py", line 190, in run
    return runner.run(main)
           ^^^^^^^^^^^^^^^^
  File "/Users/gota/.pyenv/versions/3.11.9/lib/python3.11/asyncio/runners.py", line 118, in run
    return self._loop.run_until_complete(task)
           ^^^^^^^^^^^^^^^^^^^^^^^^^^^^^^^^^^^
  File "/Users/gota/.pyenv/versions/3.11.9/lib/python3.11/asyncio/base_events.py", line 654, in run_until_complete
    return future.result()
           ^^^^^^^^^^^^^^^
  File "/Users/gota/Documents/src/gym-equipment-directory/scripts/ingest/cli.py", line 329, in _run_async_command
    return await func(*args, **kwargs)
           ^^^^^^^^^^^^^^^^^^^^^^^^^^^
  File "/Users/gota/Documents/src/gym-equipment-directory/scripts/ingest/fetch_http.py", line 542, in fetch_http_pages
    effective_limit = _resolve_limit(limit, app_env)
                      ^^^^^^^^^^^^^^^^^^^^^^^^^^^^^^
  File "/Users/gota/Documents/src/gym-equipment-directory/scripts/ingest/fetch_http.py", line 107, in _resolve_limit
    raise ValueError(msg)
ValueError: limit must be <= 30 for environment 'dev'
2025-11-30 17:11:45,482 | ERROR | scripts.ingest.cli | Ingest command failed
Traceback (most recent call last):
  File "/Users/gota/Documents/src/gym-equipment-directory/scripts/ingest/cli.py", line 401, in main
    return _dispatch(args)
           ^^^^^^^^^^^^^^^
  File "/Users/gota/Documents/src/gym-equipment-directory/scripts/ingest/cli.py", line 337, in _dispatch
    return asyncio.run(
           ^^^^^^^^^^^^
  File "/Users/gota/.pyenv/versions/3.11.9/lib/python3.11/asyncio/runners.py", line 190, in run
    return runner.run(main)
           ^^^^^^^^^^^^^^^^
  File "/Users/gota/.pyenv/versions/3.11.9/lib/python3.11/asyncio/runners.py", line 118, in run
    return self._loop.run_until_complete(task)
           ^^^^^^^^^^^^^^^^^^^^^^^^^^^^^^^^^^^
  File "/Users/gota/.pyenv/versions/3.11.9/lib/python3.11/asyncio/base_events.py", line 654, in run_until_complete
    return future.result()
           ^^^^^^^^^^^^^^^
  File "/Users/gota/Documents/src/gym-equipment-directory/scripts/ingest/cli.py", line 329, in _run_async_command
    return await func(*args, **kwargs)
           ^^^^^^^^^^^^^^^^^^^^^^^^^^^
  File "/Users/gota/Documents/src/gym-equipment-directory/scripts/ingest/fetch_http.py", line 542, in fetch_http_pages
    effective_limit = _resolve_limit(limit, app_env)
                      ^^^^^^^^^^^^^^^^^^^^^^^^^^^^^^
  File "/Users/gota/Documents/src/gym-equipment-directory/scripts/ingest/fetch_http.py", line 107, in _resolve_limit
    raise ValueError(msg)
ValueError: limit must be <= 30 for environment 'dev'
2025-11-30 17:11:56,084 | INFO | httpx | HTTP Request: GET https://www.city.sumida.lg.jp/robots.txt "HTTP/1.1 404 Not Found"
2025-11-30 17:11:56,085 | WARNING | scripts.ingest.fetch_http | robots.txt returned 404; proceeding as 'no robots' for https://www.city.sumida.lg.jp/robots.txt
2025-11-30 17:11:56,129 | INFO | httpx | HTTP Request: GET https://www.city.sumida.lg.jp/sisetu_info/setsubi_kinou/okunaisports.html "HTTP/1.1 200 OK"
2025-11-30 17:11:56,221 | INFO | httpx | HTTP Request: GET https://www.city.sumida.lg.jp/sisetu_info/sports/umewaka.html "HTTP/1.1 200 OK"
2025-11-30 17:11:56,288 | INFO | httpx | HTTP Request: GET https://www.city.sumida.lg.jp/sisetu_info/sports/sumidasportcenter.html "HTTP/1.1 200 OK"
2025-11-30 17:11:56,346 | INFO | httpx | HTTP Request: GET https://www.city.sumida.lg.jp/sisetu_info/sports/sougou-undoujou.html "HTTP/1.1 200 OK"
2025-11-30 17:11:56,412 | INFO | httpx | HTTP Request: GET https://www.city.sumida.lg.jp/sisetu_info/tamokuteki/midori_communityc.html "HTTP/1.1 200 OK"
2025-11-30 17:11:56,482 | INFO | httpx | HTTP Request: GET https://www.sumispo.com/facility/training/ "HTTP/1.1 200 OK"
2025-11-30 17:11:56,499 | INFO | httpx | HTTP Request: GET https://www.city.sumida.lg.jp/sisetu_info/setsubi_kinou/okunaisports.html#contents "HTTP/1.1 200 OK"
2025-11-30 17:11:56,631 | INFO | httpx | HTTP Request: GET https://www.city.sumida.lg.jp/index.html "HTTP/1.1 200 OK"
2025-11-30 17:11:56,767 | INFO | httpx | HTTP Request: GET https://www.city.sumida.lg.jp/anzen_anshin/index.html "HTTP/1.1 200 OK"
2025-11-30 17:11:56,843 | INFO | httpx | HTTP Request: GET https://www.city.sumida.lg.jp/kenko_fukushi/kenko/iryou_kyuukyuu/kyuuzitu.html "HTTP/1.1 200 OK"
2025-11-30 17:11:57,024 | INFO | httpx | HTTP Request: GET https://www.city.sumida.lg.jp/kurashi/index.html "HTTP/1.1 200 OK"
2025-11-30 17:11:57,099 | INFO | httpx | HTTP Request: GET https://www.city.sumida.lg.jp/kurashi/todokede_syoumei/index.html "HTTP/1.1 200 OK"
2025-11-30 17:11:57,164 | INFO | httpx | HTTP Request: GET https://www.city.sumida.lg.jp/kurashi/mynumber/index.html "HTTP/1.1 200 OK"
2025-11-30 17:11:57,227 | INFO | httpx | HTTP Request: GET https://www.city.sumida.lg.jp/kurashi/okuyami/okuyami.html "HTTP/1.1 200 OK"
2025-11-30 17:11:57,289 | INFO | httpx | HTTP Request: GET https://www.city.sumida.lg.jp/kurashi/zeikin/index.html "HTTP/1.1 200 OK"
2025-11-30 17:11:57,388 | INFO | httpx | HTTP Request: GET https://www.city.sumida.lg.jp/kurashi/kokuminnenkin/index.html "HTTP/1.1 200 OK"
2025-11-30 17:11:57,494 | INFO | httpx | HTTP Request: GET https://www.city.sumida.lg.jp/kurashi/kenkouhoken/index.html "HTTP/1.1 200 OK"
2025-11-30 17:11:57,572 | INFO | httpx | HTTP Request: GET https://www.city.sumida.lg.jp/kurashi/gomi_recycle/index.html "HTTP/1.1 200 OK"
2025-11-30 17:11:57,681 | INFO | httpx | HTTP Request: GET https://www.city.sumida.lg.jp/kurashi/kankyou_hozen/index.html "HTTP/1.1 200 OK"
2025-11-30 17:11:57,793 | INFO | httpx | HTTP Request: GET https://www.city.sumida.lg.jp/kurashi/jyunkanbus/index.html "HTTP/1.1 200 OK"
2025-11-30 17:11:57,885 | INFO | httpx | HTTP Request: GET https://www.city.sumida.lg.jp/kurashi/jitensha/index.html "HTTP/1.1 200 OK"
2025-11-30 17:11:57,990 | INFO | httpx | HTTP Request: GET https://www.city.sumida.lg.jp/kurashi/zyuutaku/index.html "HTTP/1.1 200 OK"
2025-11-30 17:11:58,063 | INFO | httpx | HTTP Request: GET https://www.city.sumida.lg.jp/kurashi/funenka_taishinka/index.html "HTTP/1.1 200 OK"
2025-11-30 17:11:58,214 | INFO | httpx | HTTP Request: GET https://www.city.sumida.lg.jp/kurashi/syouhisya/index.html "HTTP/1.1 200 OK"
2025-11-30 17:11:58,357 | INFO | httpx | HTTP Request: GET https://www.city.sumida.lg.jp/kurashi/volunteer/index.html "HTTP/1.1 200 OK"
2025-11-30 17:11:58,512 | INFO | httpx | HTTP Request: GET https://www.city.sumida.lg.jp/kurashi/tabunka/index.html "HTTP/1.1 200 OK"
2025-11-30 17:11:58,606 | INFO | httpx | HTTP Request: GET https://www.city.sumida.lg.jp/kurashi/sports/index.html "HTTP/1.1 200 OK"
2025-11-30 17:11:58,679 | INFO | httpx | HTTP Request: GET https://www.city.sumida.lg.jp/kurashi/syougai_gakusyuu/index.html "HTTP/1.1 200 OK"
2025-11-30 17:11:58,849 | INFO | httpx | HTTP Request: GET https://www.city.sumida.lg.jp/kurashi/soudan/index.html "HTTP/1.1 200 OK"
2025-11-30 17:11:58,924 | INFO | httpx | HTTP Request: GET https://www.city.sumida.lg.jp/online_service/index.html "HTTP/1.1 200 OK"
2025-11-30 17:11:58,993 | INFO | httpx | HTTP Request: GET https://www.city.sumida.lg.jp/kosodate_kyouiku/index.html "HTTP/1.1 200 OK"
2025-11-30 17:11:59,094 | INFO | httpx | HTTP Request: GET https://www.city.sumida.lg.jp/kosodate_kyouiku/kosodate_site/index.html "HTTP/1.1 200 OK"
2025-11-30 17:11:59,164 | INFO | httpx | HTTP Request: GET https://www.city.sumida.lg.jp/kosodate_kyouiku/kyouiku/index.html "HTTP/1.1 200 OK"
2025-11-30 17:11:59,230 | INFO | httpx | HTTP Request: GET https://www.city.sumida.lg.jp/kosodate_kyouiku/tiiki_kyouiku_shien/index.html "HTTP/1.1 200 OK"
2025-11-30 17:11:59,300 | INFO | httpx | HTTP Request: GET https://www.city.sumida.lg.jp/kenko_fukushi/index.html "HTTP/1.1 200 OK"
2025-11-30 17:11:59,383 | INFO | httpx | HTTP Request: GET https://www.city.sumida.lg.jp/kenko_fukushi/kenko/index.html "HTTP/1.1 200 OK"
2025-11-30 17:11:59,535 | INFO | httpx | HTTP Request: GET https://www.city.sumida.lg.jp/kenko_fukushi/eisei/index.html "HTTP/1.1 200 OK"
2025-11-30 17:11:59,632 | INFO | httpx | HTTP Request: GET https://www.city.sumida.lg.jp/kenko_fukushi/koureisya_kaigohoken/index.html "HTTP/1.1 200 OK"
2025-11-30 17:11:59,727 | INFO | httpx | HTTP Request: GET https://www.city.sumida.lg.jp/kenko_fukushi/syougai/index.html "HTTP/1.1 200 OK"
2025-11-30 17:11:59,796 | INFO | httpx | HTTP Request: GET https://www.city.sumida.lg.jp/kenko_fukushi/seikatuhukusi/index.html "HTTP/1.1 200 OK"
2025-11-30 17:11:59,874 | INFO | httpx | HTTP Request: GET https://www.city.sumida.lg.jp/kenko_fukushi/tiikihukusi_sonota/index.html "HTTP/1.1 200 OK"
2025-11-30 17:12:00,011 | INFO | httpx | HTTP Request: GET https://www.city.sumida.lg.jp/bunka_kanko/index.html "HTTP/1.1 200 OK"
2025-11-30 17:12:00,115 | INFO | httpx | HTTP Request: GET https://www.city.sumida.lg.jp/bunka_kanko/bunka/index.html "HTTP/1.1 200 OK"
2025-11-30 17:12:00,186 | INFO | httpx | HTTP Request: GET https://www.city.sumida.lg.jp/bunka_kanko/annnai/index.html "HTTP/1.1 200 OK"
2025-11-30 17:12:00,278 | INFO | httpx | HTTP Request: GET https://www.city.sumida.lg.jp/bunka_kanko/katusika_hokusai/index.html "HTTP/1.1 200 OK"
2025-11-30 17:12:00,358 | INFO | httpx | HTTP Request: GET https://www.city.sumida.lg.jp/sangyo_jigyosya/index.html "HTTP/1.1 200 OK"
2025-11-30 17:12:00,438 | INFO | httpx | HTTP Request: GET https://www.city.sumida.lg.jp/sangyo_jigyosya/sangyo/index.html "HTTP/1.1 200 OK"
2025-11-30 17:12:00,525 | INFO | httpx | HTTP Request: GET https://www.city.sumida.lg.jp/sangyo_jigyosya/keiyaku_nyuusatu/index.html "HTTP/1.1 200 OK"
2025-11-30 17:12:00,697 | INFO | httpx | HTTP Request: GET https://www.city.sumida.lg.jp/matizukuri/index.html "HTTP/1.1 200 OK"
2025-11-30 17:12:00,780 | INFO | httpx | HTTP Request: GET https://www.city.sumida.lg.jp/matizukuri/tosi_keikaku/index.html "HTTP/1.1 200 OK"
2025-11-30 17:12:00,908 | INFO | httpx | HTTP Request: GET https://www.city.sumida.lg.jp/matizukuri/matizukuri_suisin/index.html "HTTP/1.1 200 OK"
2025-11-30 17:12:01,001 | INFO | httpx | HTTP Request: GET https://www.city.sumida.lg.jp/matizukuri/kentiku/index.html "HTTP/1.1 200 OK"
2025-11-30 17:12:01,139 | INFO | httpx | HTTP Request: GET https://www.city.sumida.lg.jp/matizukuri/koutu/index.html "HTTP/1.1 200 OK"
2025-11-30 17:12:01,203 | INFO | httpx | HTTP Request: GET https://www.city.sumida.lg.jp/matizukuri/douro/index.html "HTTP/1.1 200 OK"
2025-11-30 17:12:01,336 | INFO | httpx | HTTP Request: GET https://www.city.sumida.lg.jp/sisetu_info/kouen/index.html "HTTP/1.1 200 OK"
2025-11-30 17:12:01,428 | INFO | httpx | HTTP Request: GET https://www.city.sumida.lg.jp/matizukuri/kasen_kyouryou/index.html "HTTP/1.1 200 OK"
2025-11-30 17:12:01,550 | INFO | httpx | HTTP Request: GET https://www.city.sumida.lg.jp/matizukuri/master_plan/index.html "HTTP/1.1 200 OK"
2025-11-30 17:12:01,622 | INFO | httpx | HTTP Request: GET https://www.city.sumida.lg.jp/kuseijoho/index.html "HTTP/1.1 200 OK"
2025-11-30 17:12:01,680 | INFO | httpx | HTTP Request: GET https://www.city.sumida.lg.jp/kuseijoho/kutyounoheya/index.html "HTTP/1.1 200 OK"
2025-11-30 17:12:01,737 | INFO | httpx | HTTP Request: GET https://www.city.sumida.lg.jp/kugikai/index.html "HTTP/1.1 200 OK"
2025-11-30 17:12:01,803 | INFO | httpx | HTTP Request: GET https://www.city.sumida.lg.jp/kuseijoho/kunosyoukai/index.html "HTTP/1.1 200 OK"
2025-11-30 17:12:03,166 | INFO | httpx | HTTP Request: GET https://www.city.sumida.lg.jp/sisetu_info/index.html "HTTP/1.1 200 OK"
2025-11-30 17:12:03,351 | INFO | httpx | HTTP Request: GET https://www.city.sumida.lg.jp/kuseijoho/sumida_kihon/index.html "HTTP/1.1 200 OK"
2025-11-30 17:12:03,426 | INFO | httpx | HTTP Request: GET https://www.city.sumida.lg.jp/kuseijoho/gyoseikaikaku_zaisei/index.html "HTTP/1.1 200 OK"
2025-11-30 17:12:03,501 | INFO | httpx | HTTP Request: GET https://www.city.sumida.lg.jp/kuseijoho/kouhoukatudou/index.html "HTTP/1.1 200 OK"
2025-11-30 17:12:03,613 | INFO | httpx | HTTP Request: GET https://www.city.sumida.lg.jp/kuseijoho/sumida_info/index.html "HTTP/1.1 200 OK"
2025-11-30 17:12:03,721 | INFO | httpx | HTTP Request: GET https://www.city.sumida.lg.jp/kuseijoho/joho_kojin_kaigi/index.html "HTTP/1.1 200 OK"
2025-11-30 17:12:03,788 | INFO | httpx | HTTP Request: GET https://www.city.sumida.lg.jp/kuseijoho/shinsaseikyuu/index.html "HTTP/1.1 200 OK"
2025-11-30 17:12:03,992 | INFO | httpx | HTTP Request: GET https://www.city.sumida.lg.jp/kuseijoho/naibukoueki/index.html "HTTP/1.1 200 OK"
2025-11-30 17:12:04,102 | INFO | httpx | HTTP Request: GET https://www.city.sumida.lg.jp/kuseijoho/jourei/index.html "HTTP/1.1 200 OK"
2025-11-30 17:12:05,833 | INFO | httpx | HTTP Request: GET https://www.city.sumida.lg.jp/kuseijoho/jinji_kyuyo/index.html "HTTP/1.1 200 OK"
2025-11-30 17:12:05,989 | INFO | httpx | HTTP Request: GET https://www.city.sumida.lg.jp/kuseijoho/jinken_danzyo/index.html "HTTP/1.1 200 OK"
2025-11-30 17:12:06,137 | INFO | httpx | HTTP Request: GET https://www.city.sumida.lg.jp/kuseijoho/kansa/index.html "HTTP/1.1 200 OK"
2025-11-30 17:12:06,193 | INFO | httpx | HTTP Request: GET https://www.city.sumida.lg.jp/kuseijoho/senkyo/index.html "HTTP/1.1 200 OK"
2025-11-30 17:12:06,263 | INFO | httpx | HTTP Request: GET https://www.city.sumida.lg.jp/kuseijoho/sdgs/index.html "HTTP/1.1 200 OK"
2025-11-30 17:12:06,361 | INFO | httpx | HTTP Request: GET https://www.city.sumida.lg.jp/sisetu_info/kuyakusyo/sumidakuyakusyo.html "HTTP/1.1 200 OK"
2025-11-30 17:12:06,418 | INFO | httpx | HTTP Request: GET https://www.city.sumida.lg.jp/sitemap.html "HTTP/1.1 200 OK"
2025-11-30 17:12:06,515 | INFO | httpx | HTTP Request: GET https://www.city.sumida.lg.jp/sisetu_info/tamokuteki/library/index.html "HTTP/1.1 200 OK"
2025-11-30 17:12:06,570 | INFO | httpx | HTTP Request: GET https://www.city.sumida.lg.jp/kurasi_guide/kaigo.html "HTTP/1.1 200 OK"
2025-11-30 17:12:06,657 | INFO | httpx | HTTP Request: GET https://www.city.sumida.lg.jp/faq/index.html "HTTP/1.1 200 OK"
2025-11-30 17:12:06,746 | INFO | httpx | HTTP Request: GET https://www.city.sumida.lg.jp/sisetu_info/setsubi_kinou/index.html "HTTP/1.1 200 OK"
2025-11-30 17:12:06,810 | INFO | httpx | HTTP Request: GET https://www.city.sumida.lg.jp/sisetu_info/sports/sumidacitygym.html "HTTP/1.1 200 OK"
2025-11-30 17:12:06,892 | INFO | httpx | HTTP Request: GET https://www.city.sumida.lg.jp/sisetu_info/sports/ryougoku/index.html "HTTP/1.1 200 OK"
2025-11-30 17:12:06,935 | INFO | httpx | HTTP Request: GET http://www.sumispo.com/ "HTTP/1.1 301 Moved Permanently"
2025-11-30 17:12:06,991 | INFO | httpx | HTTP Request: GET https://www.sumispo.com/ "HTTP/1.1 200 OK"
2025-11-30 17:12:07,082 | INFO | httpx | HTTP Request: GET https://www.city.sumida.lg.jp/sisetu_info/sports/kyuudou.html "HTTP/1.1 200 OK"
2025-11-30 17:12:07,231 | INFO | httpx | HTTP Request: GET https://www.city.sumida.lg.jp/sisetu_info/tamokuteki/plaza/honjyo_chiikiplaza/index.html "HTTP/1.1 200 OK"
2025-11-30 17:12:07,345 | INFO | httpx | HTTP Request: GET https://www.city.sumida.lg.jp/sisetu_info/tamokuteki/plaza/yahiro_chiikiplaza/index.html "HTTP/1.1 200 OK"
2025-11-30 17:12:07,459 | INFO | httpx | HTTP Request: GET https://www.city.sumida.lg.jp/sisetu_info/hukusisisetu/syakaihukusikaikan/index.html "HTTP/1.1 200 OK"
2025-11-30 17:12:07,562 | INFO | httpx | HTTP Request: GET https://www.city.sumida.lg.jp/sisetu_info/setsubi_kinou/conferenceroom.html "HTTP/1.1 200 OK"
2025-11-30 17:12:07,620 | INFO | httpx | HTTP Request: GET https://www.city.sumida.lg.jp/sisetu_info/setsubi_kinou/hole.html "HTTP/1.1 200 OK"
2025-11-30 17:12:07,688 | INFO | httpx | HTTP Request: GET https://www.city.sumida.lg.jp/sisetu_info/setsubi_kinou/tenji.html "HTTP/1.1 200 OK"
2025-11-30 17:12:07,753 | INFO | httpx | HTTP Request: GET https://www.city.sumida.lg.jp/sisetu_info/setsubi_kinou/washitsu.html "HTTP/1.1 200 OK"
2025-11-30 17:12:07,813 | INFO | httpx | HTTP Request: GET https://www.city.sumida.lg.jp/sisetu_info/setsubi_kinou/cooking.html "HTTP/1.1 200 OK"
2025-11-30 17:12:07,875 | INFO | httpx | HTTP Request: GET https://www.city.sumida.lg.jp/sisetu_info/setsubi_kinou/theater.html "HTTP/1.1 200 OK"
2025-11-30 17:12:08,008 | INFO | httpx | HTTP Request: GET https://www.city.sumida.lg.jp/sisetu_info/setsubi_kinou/studio.html "HTTP/1.1 200 OK"
2025-11-30 17:12:08,076 | INFO | httpx | HTTP Request: GET https://www.city.sumida.lg.jp/sisetu_info/setsubi_kinou/okugaisports.html "HTTP/1.1 200 OK"
2025-11-30 17:12:08,191 | INFO | httpx | HTTP Request: GET https://www.city.sumida.lg.jp/sisetu_info/setsubi_kinou/pool.html "HTTP/1.1 200 OK"
2025-11-30 17:12:08,314 | INFO | httpx | HTTP Request: GET https://www.city.sumida.lg.jp/chumoku/index.html "HTTP/1.1 200 OK"
2025-11-30 17:12:08,405 | INFO | httpx | HTTP Request: GET https://www.city.sumida.lg.jp/thissite/infofound.html "HTTP/1.1 200 OK"
2025-11-30 17:12:08,446 | INFO | httpx | HTTP Request: GET https://www.city.sumida.lg.jp/sisetu_info/setsubi_kinou/okunaisports.html#base "HTTP/1.1 200 OK"
2025-11-30 17:12:08,532 | INFO | httpx | HTTP Request: GET https://www.city.sumida.lg.jp/kuseijoho/kunosyoukai/sosiki/index.html "HTTP/1.1 200 OK"
2025-11-30 17:12:08,634 | INFO | httpx | HTTP Request: GET https://www.city.sumida.lg.jp/thissite/index.html "HTTP/1.1 200 OK"
2025-11-30 17:12:08,667 | INFO | httpx | HTTP Request: GET https://www.city.sumida.lg.jp/sisetu_info/sports/umewaka.html#contents "HTTP/1.1 200 OK"
2025-11-30 17:12:08,727 | INFO | httpx | HTTP Request: GET https://www.city.sumida.lg.jp/sisetu_info/sports/index.html "HTTP/1.1 200 OK"
2025-11-30 17:12:08,786 | INFO | httpx | HTTP Request: GET https://www.city.sumida.lg.jp/kuseijoho/kunosyoukai/sosiki/sports.html "HTTP/1.1 200 OK"
2025-11-30 17:12:08,877 | INFO | httpx | HTTP Request: GET https://www.city.sumida.lg.jp/kurashi/sports/shisetsu-info/shiyouannai.html "HTTP/1.1 200 OK"
2025-11-30 17:12:08,948 | INFO | httpx | HTTP Request: GET https://www.city.sumida.lg.jp/kurashi/sports/shisetsu-info/index.html "HTTP/1.1 200 OK"
2025-11-30 17:12:09,085 | INFO | httpx | HTTP Request: GET https://www.city.sumida.lg.jp/sisetu_info/sports/ta4040000925.html "HTTP/1.1 200 OK"
2025-11-30 17:12:09,209 | INFO | httpx | HTTP Request: GET https://www.city.sumida.lg.jp/kurashi/sports/shisetsu-info/tachibanataiikukann.html "HTTP/1.1 200 OK"
2025-11-30 17:12:09,317 | INFO | httpx | HTTP Request: GET https://www.city.sumida.lg.jp/sisetu_info/sports/0313113741556.html "HTTP/1.1 200 OK"
2025-11-30 17:12:09,448 | INFO | httpx | HTTP Request: GET https://www.city.sumida.lg.jp/kurashi/sports/shisetsu-info/bunkatennissyuryo.html "HTTP/1.1 200 OK"
2025-11-30 17:12:09,603 | INFO | httpx | HTTP Request: GET https://www.city.sumida.lg.jp/sisetu_info/sports/sirahige_park.html "HTTP/1.1 200 OK"
2025-11-30 17:12:09,751 | INFO | httpx | HTTP Request: GET https://www.city.sumida.lg.jp/kurashi/sports/shisetsu-info/sisetsu_tekisei.html "HTTP/1.1 200 OK"
2025-11-30 17:12:09,820 | INFO | httpx | HTTP Request: GET https://www.city.sumida.lg.jp/sisetu_info/siryou/others_museum.html "HTTP/1.1 200 OK"
2025-11-30 17:12:09,935 | INFO | httpx | HTTP Request: GET https://www.city.sumida.lg.jp/sisetu_info/siryou/sumida_koubou.html "HTTP/1.1 200 OK"
2025-11-30 17:12:09,964 | INFO | httpx | HTTP Request: GET https://www.city.sumida.lg.jp/sisetu_info/sports/umewaka.html#base "HTTP/1.1 200 OK"
2025-11-30 17:12:09,965 | INFO | scripts.ingest.fetch_http | Dry-run listed 30 detail URLs for tokyo/sumida
2025-11-30 17:12:18,245 | INFO | httpx | HTTP Request: GET https://www.city.sumida.lg.jp/robots.txt "HTTP/1.1 404 Not Found"
2025-11-30 17:12:18,246 | WARNING | scripts.ingest.fetch_http | robots.txt returned 404; proceeding as 'no robots' for https://www.city.sumida.lg.jp/robots.txt
2025-11-30 17:12:18,259 | INFO | httpx | HTTP Request: GET https://www.city.sumida.lg.jp/sisetu_info/setsubi_kinou/okunaisports.html "HTTP/1.1 200 OK"
2025-11-30 17:12:18,283 | INFO | httpx | HTTP Request: GET https://www.city.sumida.lg.jp/sisetu_info/sports/umewaka.html "HTTP/1.1 200 OK"
2025-11-30 17:12:18,416 | INFO | httpx | HTTP Request: GET https://www.city.sumida.lg.jp/sisetu_info/sports/sumidasportcenter.html "HTTP/1.1 200 OK"
2025-11-30 17:12:18,443 | INFO | httpx | HTTP Request: GET https://www.city.sumida.lg.jp/sisetu_info/sports/sougou-undoujou.html "HTTP/1.1 200 OK"
2025-11-30 17:12:18,468 | INFO | httpx | HTTP Request: GET https://www.city.sumida.lg.jp/sisetu_info/tamokuteki/midori_communityc.html "HTTP/1.1 200 OK"
2025-11-30 17:12:18,529 | INFO | httpx | HTTP Request: GET https://www.sumispo.com/facility/training/ "HTTP/1.1 200 OK"
2025-11-30 17:12:18,544 | INFO | httpx | HTTP Request: GET https://www.city.sumida.lg.jp/sisetu_info/setsubi_kinou/okunaisports.html#contents "HTTP/1.1 200 OK"
2025-11-30 17:12:18,565 | INFO | httpx | HTTP Request: GET https://www.city.sumida.lg.jp/index.html "HTTP/1.1 200 OK"
2025-11-30 17:12:18,591 | INFO | httpx | HTTP Request: GET https://www.city.sumida.lg.jp/anzen_anshin/index.html "HTTP/1.1 200 OK"
2025-11-30 17:12:18,613 | INFO | httpx | HTTP Request: GET https://www.city.sumida.lg.jp/kenko_fukushi/kenko/iryou_kyuukyuu/kyuuzitu.html "HTTP/1.1 200 OK"
2025-11-30 17:12:18,661 | INFO | httpx | HTTP Request: GET https://www.city.sumida.lg.jp/kurashi/index.html "HTTP/1.1 200 OK"
2025-11-30 17:12:18,684 | INFO | httpx | HTTP Request: GET https://www.city.sumida.lg.jp/kurashi/todokede_syoumei/index.html "HTTP/1.1 200 OK"
2025-11-30 17:12:18,708 | INFO | httpx | HTTP Request: GET https://www.city.sumida.lg.jp/kurashi/mynumber/index.html "HTTP/1.1 200 OK"
2025-11-30 17:12:18,729 | INFO | httpx | HTTP Request: GET https://www.city.sumida.lg.jp/kurashi/okuyami/okuyami.html "HTTP/1.1 200 OK"
2025-11-30 17:12:18,752 | INFO | httpx | HTTP Request: GET https://www.city.sumida.lg.jp/kurashi/zeikin/index.html "HTTP/1.1 200 OK"
2025-11-30 17:12:18,776 | INFO | httpx | HTTP Request: GET https://www.city.sumida.lg.jp/kurashi/kokuminnenkin/index.html "HTTP/1.1 200 OK"
2025-11-30 17:12:18,797 | INFO | httpx | HTTP Request: GET https://www.city.sumida.lg.jp/kurashi/kenkouhoken/index.html "HTTP/1.1 200 OK"
2025-11-30 17:12:18,817 | INFO | httpx | HTTP Request: GET https://www.city.sumida.lg.jp/kurashi/gomi_recycle/index.html "HTTP/1.1 200 OK"
2025-11-30 17:12:18,842 | INFO | httpx | HTTP Request: GET https://www.city.sumida.lg.jp/kurashi/kankyou_hozen/index.html "HTTP/1.1 200 OK"
2025-11-30 17:12:18,864 | INFO | httpx | HTTP Request: GET https://www.city.sumida.lg.jp/kurashi/jyunkanbus/index.html "HTTP/1.1 200 OK"
2025-11-30 17:12:18,885 | INFO | httpx | HTTP Request: GET https://www.city.sumida.lg.jp/kurashi/jitensha/index.html "HTTP/1.1 200 OK"
2025-11-30 17:12:18,905 | INFO | httpx | HTTP Request: GET https://www.city.sumida.lg.jp/kurashi/zyuutaku/index.html "HTTP/1.1 200 OK"
2025-11-30 17:12:18,928 | INFO | httpx | HTTP Request: GET https://www.city.sumida.lg.jp/kurashi/funenka_taishinka/index.html "HTTP/1.1 200 OK"
2025-11-30 17:12:18,949 | INFO | httpx | HTTP Request: GET https://www.city.sumida.lg.jp/kurashi/syouhisya/index.html "HTTP/1.1 200 OK"
2025-11-30 17:12:18,993 | INFO | httpx | HTTP Request: GET https://www.city.sumida.lg.jp/kurashi/volunteer/index.html "HTTP/1.1 200 OK"
2025-11-30 17:12:19,013 | INFO | httpx | HTTP Request: GET https://www.city.sumida.lg.jp/kurashi/tabunka/index.html "HTTP/1.1 200 OK"
2025-11-30 17:12:19,037 | INFO | httpx | HTTP Request: GET https://www.city.sumida.lg.jp/kurashi/sports/index.html "HTTP/1.1 200 OK"
2025-11-30 17:12:19,067 | INFO | httpx | HTTP Request: GET https://www.city.sumida.lg.jp/kurashi/syougai_gakusyuu/index.html "HTTP/1.1 200 OK"
2025-11-30 17:12:19,090 | INFO | httpx | HTTP Request: GET https://www.city.sumida.lg.jp/kurashi/soudan/index.html "HTTP/1.1 200 OK"
2025-11-30 17:12:19,112 | INFO | httpx | HTTP Request: GET https://www.city.sumida.lg.jp/online_service/index.html "HTTP/1.1 200 OK"
2025-11-30 17:12:19,133 | INFO | httpx | HTTP Request: GET https://www.city.sumida.lg.jp/kosodate_kyouiku/index.html "HTTP/1.1 200 OK"
2025-11-30 17:12:19,152 | INFO | httpx | HTTP Request: GET https://www.city.sumida.lg.jp/kosodate_kyouiku/kosodate_site/index.html "HTTP/1.1 200 OK"
2025-11-30 17:12:19,176 | INFO | httpx | HTTP Request: GET https://www.city.sumida.lg.jp/kosodate_kyouiku/kyouiku/index.html "HTTP/1.1 200 OK"
2025-11-30 17:12:19,198 | INFO | httpx | HTTP Request: GET https://www.city.sumida.lg.jp/kosodate_kyouiku/tiiki_kyouiku_shien/index.html "HTTP/1.1 200 OK"
2025-11-30 17:12:19,221 | INFO | httpx | HTTP Request: GET https://www.city.sumida.lg.jp/kenko_fukushi/index.html "HTTP/1.1 200 OK"
2025-11-30 17:12:19,243 | INFO | httpx | HTTP Request: GET https://www.city.sumida.lg.jp/kenko_fukushi/kenko/index.html "HTTP/1.1 200 OK"
2025-11-30 17:12:19,269 | INFO | httpx | HTTP Request: GET https://www.city.sumida.lg.jp/kenko_fukushi/eisei/index.html "HTTP/1.1 200 OK"
2025-11-30 17:12:19,292 | INFO | httpx | HTTP Request: GET https://www.city.sumida.lg.jp/kenko_fukushi/koureisya_kaigohoken/index.html "HTTP/1.1 200 OK"
2025-11-30 17:12:19,317 | INFO | httpx | HTTP Request: GET https://www.city.sumida.lg.jp/kenko_fukushi/syougai/index.html "HTTP/1.1 200 OK"
2025-11-30 17:12:19,343 | INFO | httpx | HTTP Request: GET https://www.city.sumida.lg.jp/kenko_fukushi/seikatuhukusi/index.html "HTTP/1.1 200 OK"
2025-11-30 17:12:19,387 | INFO | httpx | HTTP Request: GET https://www.city.sumida.lg.jp/kenko_fukushi/tiikihukusi_sonota/index.html "HTTP/1.1 200 OK"
2025-11-30 17:12:19,409 | INFO | httpx | HTTP Request: GET https://www.city.sumida.lg.jp/bunka_kanko/index.html "HTTP/1.1 200 OK"
2025-11-30 17:12:19,433 | INFO | httpx | HTTP Request: GET https://www.city.sumida.lg.jp/bunka_kanko/bunka/index.html "HTTP/1.1 200 OK"
2025-11-30 17:12:19,456 | INFO | httpx | HTTP Request: GET https://www.city.sumida.lg.jp/bunka_kanko/annnai/index.html "HTTP/1.1 200 OK"
2025-11-30 17:12:19,479 | INFO | httpx | HTTP Request: GET https://www.city.sumida.lg.jp/bunka_kanko/katusika_hokusai/index.html "HTTP/1.1 200 OK"
2025-11-30 17:12:19,499 | INFO | httpx | HTTP Request: GET https://www.city.sumida.lg.jp/sangyo_jigyosya/index.html "HTTP/1.1 200 OK"
2025-11-30 17:12:19,519 | INFO | httpx | HTTP Request: GET https://www.city.sumida.lg.jp/sangyo_jigyosya/sangyo/index.html "HTTP/1.1 200 OK"
2025-11-30 17:12:19,540 | INFO | httpx | HTTP Request: GET https://www.city.sumida.lg.jp/sangyo_jigyosya/keiyaku_nyuusatu/index.html "HTTP/1.1 200 OK"
2025-11-30 17:12:19,563 | INFO | httpx | HTTP Request: GET https://www.city.sumida.lg.jp/matizukuri/index.html "HTTP/1.1 200 OK"
2025-11-30 17:12:19,584 | INFO | httpx | HTTP Request: GET https://www.city.sumida.lg.jp/matizukuri/tosi_keikaku/index.html "HTTP/1.1 200 OK"
2025-11-30 17:12:19,605 | INFO | httpx | HTTP Request: GET https://www.city.sumida.lg.jp/matizukuri/matizukuri_suisin/index.html "HTTP/1.1 200 OK"
2025-11-30 17:12:19,629 | INFO | httpx | HTTP Request: GET https://www.city.sumida.lg.jp/matizukuri/kentiku/index.html "HTTP/1.1 200 OK"
2025-11-30 17:12:19,650 | INFO | httpx | HTTP Request: GET https://www.city.sumida.lg.jp/matizukuri/koutu/index.html "HTTP/1.1 200 OK"
2025-11-30 17:12:19,671 | INFO | httpx | HTTP Request: GET https://www.city.sumida.lg.jp/matizukuri/douro/index.html "HTTP/1.1 200 OK"
2025-11-30 17:12:19,692 | INFO | httpx | HTTP Request: GET https://www.city.sumida.lg.jp/sisetu_info/kouen/index.html "HTTP/1.1 200 OK"
2025-11-30 17:12:19,716 | INFO | httpx | HTTP Request: GET https://www.city.sumida.lg.jp/matizukuri/kasen_kyouryou/index.html "HTTP/1.1 200 OK"
2025-11-30 17:12:19,759 | INFO | httpx | HTTP Request: GET https://www.city.sumida.lg.jp/matizukuri/master_plan/index.html "HTTP/1.1 200 OK"
2025-11-30 17:12:19,779 | INFO | httpx | HTTP Request: GET https://www.city.sumida.lg.jp/kuseijoho/index.html "HTTP/1.1 200 OK"
2025-11-30 17:12:19,799 | INFO | httpx | HTTP Request: GET https://www.city.sumida.lg.jp/kuseijoho/kutyounoheya/index.html "HTTP/1.1 200 OK"
2025-11-30 17:12:19,820 | INFO | httpx | HTTP Request: GET https://www.city.sumida.lg.jp/kugikai/index.html "HTTP/1.1 200 OK"
2025-11-30 17:12:19,841 | INFO | httpx | HTTP Request: GET https://www.city.sumida.lg.jp/kuseijoho/kunosyoukai/index.html "HTTP/1.1 200 OK"
2025-11-30 17:12:19,938 | INFO | httpx | HTTP Request: GET https://www.city.sumida.lg.jp/sisetu_info/index.html "HTTP/1.1 200 OK"
2025-11-30 17:12:19,969 | INFO | httpx | HTTP Request: GET https://www.city.sumida.lg.jp/kuseijoho/sumida_kihon/index.html "HTTP/1.1 200 OK"
2025-11-30 17:12:19,995 | INFO | httpx | HTTP Request: GET https://www.city.sumida.lg.jp/kuseijoho/gyoseikaikaku_zaisei/index.html "HTTP/1.1 200 OK"
2025-11-30 17:12:20,017 | INFO | httpx | HTTP Request: GET https://www.city.sumida.lg.jp/kuseijoho/kouhoukatudou/index.html "HTTP/1.1 200 OK"
2025-11-30 17:12:20,040 | INFO | httpx | HTTP Request: GET https://www.city.sumida.lg.jp/kuseijoho/sumida_info/index.html "HTTP/1.1 200 OK"
2025-11-30 17:12:20,063 | INFO | httpx | HTTP Request: GET https://www.city.sumida.lg.jp/kuseijoho/joho_kojin_kaigi/index.html "HTTP/1.1 200 OK"
2025-11-30 17:12:20,086 | INFO | httpx | HTTP Request: GET https://www.city.sumida.lg.jp/kuseijoho/shinsaseikyuu/index.html "HTTP/1.1 200 OK"
2025-11-30 17:12:20,107 | INFO | httpx | HTTP Request: GET https://www.city.sumida.lg.jp/kuseijoho/naibukoueki/index.html "HTTP/1.1 200 OK"
2025-11-30 17:12:20,128 | INFO | httpx | HTTP Request: GET https://www.city.sumida.lg.jp/kuseijoho/jourei/index.html "HTTP/1.1 200 OK"
2025-11-30 17:12:20,148 | INFO | httpx | HTTP Request: GET https://www.city.sumida.lg.jp/kuseijoho/jinji_kyuyo/index.html "HTTP/1.1 200 OK"
2025-11-30 17:12:20,168 | INFO | httpx | HTTP Request: GET https://www.city.sumida.lg.jp/kuseijoho/jinken_danzyo/index.html "HTTP/1.1 200 OK"
2025-11-30 17:12:20,215 | INFO | httpx | HTTP Request: GET https://www.city.sumida.lg.jp/kuseijoho/kansa/index.html "HTTP/1.1 200 OK"
2025-11-30 17:12:20,235 | INFO | httpx | HTTP Request: GET https://www.city.sumida.lg.jp/kuseijoho/senkyo/index.html "HTTP/1.1 200 OK"
2025-11-30 17:12:20,255 | INFO | httpx | HTTP Request: GET https://www.city.sumida.lg.jp/kuseijoho/sdgs/index.html "HTTP/1.1 200 OK"
2025-11-30 17:12:20,280 | INFO | httpx | HTTP Request: GET https://www.city.sumida.lg.jp/sisetu_info/kuyakusyo/sumidakuyakusyo.html "HTTP/1.1 200 OK"
2025-11-30 17:12:20,303 | INFO | httpx | HTTP Request: GET https://www.city.sumida.lg.jp/sitemap.html "HTTP/1.1 200 OK"
2025-11-30 17:12:20,327 | INFO | httpx | HTTP Request: GET https://www.city.sumida.lg.jp/sisetu_info/tamokuteki/library/index.html "HTTP/1.1 200 OK"
2025-11-30 17:12:20,347 | INFO | httpx | HTTP Request: GET https://www.city.sumida.lg.jp/kurasi_guide/kaigo.html "HTTP/1.1 200 OK"
2025-11-30 17:12:20,356 | INFO | httpx | HTTP Request: GET https://www.city.sumida.lg.jp/faq/index.html "HTTP/1.1 200 OK"
2025-11-30 17:12:20,378 | INFO | httpx | HTTP Request: GET https://www.city.sumida.lg.jp/sisetu_info/setsubi_kinou/index.html "HTTP/1.1 200 OK"
2025-11-30 17:12:20,399 | INFO | httpx | HTTP Request: GET https://www.city.sumida.lg.jp/sisetu_info/sports/sumidacitygym.html "HTTP/1.1 200 OK"
2025-11-30 17:12:20,420 | INFO | httpx | HTTP Request: GET https://www.city.sumida.lg.jp/sisetu_info/sports/ryougoku/index.html "HTTP/1.1 200 OK"
2025-11-30 17:12:20,451 | INFO | httpx | HTTP Request: GET http://www.sumispo.com/ "HTTP/1.1 301 Moved Permanently"
2025-11-30 17:12:20,474 | INFO | httpx | HTTP Request: GET https://www.sumispo.com/ "HTTP/1.1 200 OK"
2025-11-30 17:12:20,496 | INFO | httpx | HTTP Request: GET https://www.city.sumida.lg.jp/sisetu_info/sports/kyuudou.html "HTTP/1.1 200 OK"
2025-11-30 17:12:20,519 | INFO | httpx | HTTP Request: GET https://www.city.sumida.lg.jp/sisetu_info/tamokuteki/plaza/honjyo_chiikiplaza/index.html "HTTP/1.1 200 OK"
2025-11-30 17:12:20,540 | INFO | httpx | HTTP Request: GET https://www.city.sumida.lg.jp/sisetu_info/tamokuteki/plaza/yahiro_chiikiplaza/index.html "HTTP/1.1 200 OK"
2025-11-30 17:12:20,559 | INFO | httpx | HTTP Request: GET https://www.city.sumida.lg.jp/sisetu_info/hukusisisetu/syakaihukusikaikan/index.html "HTTP/1.1 200 OK"
2025-11-30 17:12:20,610 | INFO | httpx | HTTP Request: GET https://www.city.sumida.lg.jp/sisetu_info/setsubi_kinou/conferenceroom.html "HTTP/1.1 200 OK"
2025-11-30 17:12:20,634 | INFO | httpx | HTTP Request: GET https://www.city.sumida.lg.jp/sisetu_info/setsubi_kinou/hole.html "HTTP/1.1 200 OK"
2025-11-30 17:12:20,669 | INFO | httpx | HTTP Request: GET https://www.city.sumida.lg.jp/sisetu_info/setsubi_kinou/tenji.html "HTTP/1.1 200 OK"
2025-11-30 17:12:20,696 | INFO | httpx | HTTP Request: GET https://www.city.sumida.lg.jp/sisetu_info/setsubi_kinou/washitsu.html "HTTP/1.1 200 OK"
2025-11-30 17:12:20,718 | INFO | httpx | HTTP Request: GET https://www.city.sumida.lg.jp/sisetu_info/setsubi_kinou/cooking.html "HTTP/1.1 200 OK"
2025-11-30 17:12:20,739 | INFO | httpx | HTTP Request: GET https://www.city.sumida.lg.jp/sisetu_info/setsubi_kinou/theater.html "HTTP/1.1 200 OK"
2025-11-30 17:12:20,760 | INFO | httpx | HTTP Request: GET https://www.city.sumida.lg.jp/sisetu_info/setsubi_kinou/studio.html "HTTP/1.1 200 OK"
2025-11-30 17:12:20,781 | INFO | httpx | HTTP Request: GET https://www.city.sumida.lg.jp/sisetu_info/setsubi_kinou/okugaisports.html "HTTP/1.1 200 OK"
2025-11-30 17:12:20,803 | INFO | httpx | HTTP Request: GET https://www.city.sumida.lg.jp/sisetu_info/setsubi_kinou/pool.html "HTTP/1.1 200 OK"
2025-11-30 17:12:20,824 | INFO | httpx | HTTP Request: GET https://www.city.sumida.lg.jp/chumoku/index.html "HTTP/1.1 200 OK"
2025-11-30 17:12:20,843 | INFO | httpx | HTTP Request: GET https://www.city.sumida.lg.jp/thissite/infofound.html "HTTP/1.1 200 OK"
2025-11-30 17:12:20,864 | INFO | httpx | HTTP Request: GET https://www.city.sumida.lg.jp/sisetu_info/setsubi_kinou/okunaisports.html#base "HTTP/1.1 200 OK"
2025-11-30 17:12:20,884 | INFO | httpx | HTTP Request: GET https://www.city.sumida.lg.jp/kuseijoho/kunosyoukai/sosiki/index.html "HTTP/1.1 200 OK"
2025-11-30 17:12:20,908 | INFO | httpx | HTTP Request: GET https://www.city.sumida.lg.jp/thissite/index.html "HTTP/1.1 200 OK"
2025-11-30 17:12:20,928 | INFO | httpx | HTTP Request: GET https://www.city.sumida.lg.jp/sisetu_info/sports/umewaka.html#contents "HTTP/1.1 200 OK"
2025-11-30 17:12:20,950 | INFO | httpx | HTTP Request: GET https://www.city.sumida.lg.jp/sisetu_info/sports/index.html "HTTP/1.1 200 OK"
2025-11-30 17:12:20,972 | INFO | httpx | HTTP Request: GET https://www.city.sumida.lg.jp/kuseijoho/kunosyoukai/sosiki/sports.html "HTTP/1.1 200 OK"
2025-11-30 17:12:21,019 | INFO | httpx | HTTP Request: GET https://www.city.sumida.lg.jp/kurashi/sports/shisetsu-info/shiyouannai.html "HTTP/1.1 200 OK"
2025-11-30 17:12:21,041 | INFO | httpx | HTTP Request: GET https://www.city.sumida.lg.jp/kurashi/sports/shisetsu-info/index.html "HTTP/1.1 200 OK"
2025-11-30 17:12:21,061 | INFO | httpx | HTTP Request: GET https://www.city.sumida.lg.jp/sisetu_info/sports/ta4040000925.html "HTTP/1.1 200 OK"
2025-11-30 17:12:21,082 | INFO | httpx | HTTP Request: GET https://www.city.sumida.lg.jp/kurashi/sports/shisetsu-info/tachibanataiikukann.html "HTTP/1.1 200 OK"
2025-11-30 17:12:21,105 | INFO | httpx | HTTP Request: GET https://www.city.sumida.lg.jp/sisetu_info/sports/0313113741556.html "HTTP/1.1 200 OK"
2025-11-30 17:12:21,126 | INFO | httpx | HTTP Request: GET https://www.city.sumida.lg.jp/kurashi/sports/shisetsu-info/bunkatennissyuryo.html "HTTP/1.1 200 OK"
2025-11-30 17:12:21,148 | INFO | httpx | HTTP Request: GET https://www.city.sumida.lg.jp/sisetu_info/sports/sirahige_park.html "HTTP/1.1 200 OK"
2025-11-30 17:12:21,170 | INFO | httpx | HTTP Request: GET https://www.city.sumida.lg.jp/kurashi/sports/shisetsu-info/sisetsu_tekisei.html "HTTP/1.1 200 OK"
2025-11-30 17:12:21,191 | INFO | httpx | HTTP Request: GET https://www.city.sumida.lg.jp/sisetu_info/siryou/others_museum.html "HTTP/1.1 200 OK"
2025-11-30 17:12:21,213 | INFO | httpx | HTTP Request: GET https://www.city.sumida.lg.jp/sisetu_info/siryou/sumida_koubou.html "HTTP/1.1 200 OK"
2025-11-30 17:12:21,235 | INFO | httpx | HTTP Request: GET https://www.city.sumida.lg.jp/sisetu_info/sports/umewaka.html#base "HTTP/1.1 200 OK"
2025-11-30 17:12:21,235 | INFO | scripts.ingest.fetch_http | Dry-run listed 30 detail URLs for tokyo/sumida
